<?xml version="1.0" encoding="UTF-8"?>
<testsuite xmlns:xsi="http://www.w3.org/2001/XMLSchema-instance" xsi:noNamespaceSchemaLocation="https://maven.apache.org/surefire/maven-surefire-plugin/xsd/surefire-test-report-3.0.xsd" version="3.0" name="sample.Demo" time="26.489" tests="2" errors="0" skipped="0" failures="0">
  <properties>
    <property name="java.specification.version" value="17"/>
    <property name="sun.cpu.isalist" value="amd64"/>
    <property name="sun.jnu.encoding" value="Cp1252"/>
    <property name="java.class.path" value="E:\sample\target\test-classes;E:\sample\target\classes;C:\Users\arjun\.m2\repository\org\apache\poi\poi\5.2.5\poi-5.2.5.jar;C:\Users\arjun\.m2\repository\commons-codec\commons-codec\1.16.0\commons-codec-1.16.0.jar;C:\Users\arjun\.m2\repository\org\apache\commons\commons-collections4\4.4\commons-collections4-4.4.jar;C:\Users\arjun\.m2\repository\org\apache\commons\commons-math3\3.6.1\commons-math3-3.6.1.jar;C:\Users\arjun\.m2\repository\com\zaxxer\SparseBitSet\1.3\SparseBitSet-1.3.jar;C:\Users\arjun\.m2\repository\org\apache\logging\log4j\log4j-api\2.21.1\log4j-api-2.21.1.jar;C:\Users\arjun\.m2\repository\org\projectlombok\lombok\1.18.32\lombok-1.18.32.jar;C:\Users\arjun\.m2\repository\org\apache\poi\poi-ooxml\5.2.5\poi-ooxml-5.2.5.jar;C:\Users\arjun\.m2\repository\org\apache\poi\poi-ooxml-lite\5.2.5\poi-ooxml-lite-5.2.5.jar;C:\Users\arjun\.m2\repository\org\apache\xmlbeans\xmlbeans\5.2.0\xmlbeans-5.2.0.jar;C:\Users\arjun\.m2\repository\org\apache\commons\commons-compress\1.25.0\commons-compress-1.25.0.jar;C:\Users\arjun\.m2\repository\com\github\virtuald\curvesapi\1.08\curvesapi-1.08.jar;C:\Users\arjun\.m2\repository\mysql\mysql-connector-java\8.0.29\mysql-connector-java-8.0.29.jar;C:\Users\arjun\.m2\repository\com\google\protobuf\protobuf-java\3.19.4\protobuf-java-3.19.4.jar;C:\Users\arjun\.m2\repository\org\testng\testng\7.7.1\testng-7.7.1.jar;C:\Users\arjun\.m2\repository\org\slf4j\slf4j-api\1.7.36\slf4j-api-1.7.36.jar;C:\Users\arjun\.m2\repository\com\beust\jcommander\1.82\jcommander-1.82.jar;C:\Users\arjun\.m2\repository\org\webjars\jquery\3.6.1\jquery-3.6.1.jar;C:\Users\arjun\.m2\repository\org\seleniumhq\selenium\selenium-java\4.13.0\selenium-java-4.13.0.jar;C:\Users\arjun\.m2\repository\org\seleniumhq\selenium\selenium-api\4.13.0\selenium-api-4.13.0.jar;C:\Users\arjun\.m2\repository\org\seleniumhq\selenium\selenium-chrome-driver\4.13.0\selenium-chrome-driver-4.13.0.jar;C:\Users\arjun\.m2\repository\com\google\auto\service\auto-service-annotations\1.1.1\auto-service-annotations-1.1.1.jar;C:\Users\arjun\.m2\repository\com\google\guava\guava\32.1.2-jre\guava-32.1.2-jre.jar;C:\Users\arjun\.m2\repository\com\google\guava\failureaccess\1.0.1\failureaccess-1.0.1.jar;C:\Users\arjun\.m2\repository\com\google\guava\listenablefuture\9999.0-empty-to-avoid-conflict-with-guava\listenablefuture-9999.0-empty-to-avoid-conflict-with-guava.jar;C:\Users\arjun\.m2\repository\com\google\code\findbugs\jsr305\3.0.2\jsr305-3.0.2.jar;C:\Users\arjun\.m2\repository\org\checkerframework\checker-qual\3.33.0\checker-qual-3.33.0.jar;C:\Users\arjun\.m2\repository\com\google\errorprone\error_prone_annotations\2.18.0\error_prone_annotations-2.18.0.jar;C:\Users\arjun\.m2\repository\com\google\j2objc\j2objc-annotations\2.8\j2objc-annotations-2.8.jar;C:\Users\arjun\.m2\repository\org\seleniumhq\selenium\selenium-chromium-driver\4.13.0\selenium-chromium-driver-4.13.0.jar;C:\Users\arjun\.m2\repository\org\seleniumhq\selenium\selenium-json\4.13.0\selenium-json-4.13.0.jar;C:\Users\arjun\.m2\repository\org\seleniumhq\selenium\selenium-manager\4.13.0\selenium-manager-4.13.0.jar;C:\Users\arjun\.m2\repository\org\seleniumhq\selenium\selenium-devtools-v115\4.13.0\selenium-devtools-v115-4.13.0.jar;C:\Users\arjun\.m2\repository\org\seleniumhq\selenium\selenium-devtools-v116\4.13.0\selenium-devtools-v116-4.13.0.jar;C:\Users\arjun\.m2\repository\org\seleniumhq\selenium\selenium-devtools-v117\4.13.0\selenium-devtools-v117-4.13.0.jar;C:\Users\arjun\.m2\repository\org\seleniumhq\selenium\selenium-devtools-v85\4.13.0\selenium-devtools-v85-4.13.0.jar;C:\Users\arjun\.m2\repository\org\seleniumhq\selenium\selenium-edge-driver\4.13.0\selenium-edge-driver-4.13.0.jar;C:\Users\arjun\.m2\repository\org\seleniumhq\selenium\selenium-firefox-driver\4.13.0\selenium-firefox-driver-4.13.0.jar;C:\Users\arjun\.m2\repository\org\seleniumhq\selenium\selenium-http\4.13.0\selenium-http-4.13.0.jar;C:\Users\arjun\.m2\repository\dev\failsafe\failsafe\3.3.2\failsafe-3.3.2.jar;C:\Users\arjun\.m2\repository\org\seleniumhq\selenium\selenium-ie-driver\4.13.0\selenium-ie-driver-4.13.0.jar;C:\Users\arjun\.m2\repository\org\seleniumhq\selenium\selenium-remote-driver\4.13.0\selenium-remote-driver-4.13.0.jar;C:\Users\arjun\.m2\repository\io\netty\netty-buffer\4.1.96.Final\netty-buffer-4.1.96.Final.jar;C:\Users\arjun\.m2\repository\io\netty\netty-codec-http\4.1.96.Final\netty-codec-http-4.1.96.Final.jar;C:\Users\arjun\.m2\repository\io\netty\netty-codec\4.1.96.Final\netty-codec-4.1.96.Final.jar;C:\Users\arjun\.m2\repository\io\netty\netty-handler\4.1.96.Final\netty-handler-4.1.96.Final.jar;C:\Users\arjun\.m2\repository\io\netty\netty-common\4.1.96.Final\netty-common-4.1.96.Final.jar;C:\Users\arjun\.m2\repository\io\netty\netty-transport-classes-epoll\4.1.96.Final\netty-transport-classes-epoll-4.1.96.Final.jar;C:\Users\arjun\.m2\repository\io\netty\netty-transport-classes-kqueue\4.1.96.Final\netty-transport-classes-kqueue-4.1.96.Final.jar;C:\Users\arjun\.m2\repository\io\netty\netty-transport-native-epoll\4.1.96.Final\netty-transport-native-epoll-4.1.96.Final.jar;C:\Users\arjun\.m2\repository\io\netty\netty-transport-native-kqueue\4.1.96.Final\netty-transport-native-kqueue-4.1.96.Final.jar;C:\Users\arjun\.m2\repository\io\netty\netty-transport-native-unix-common\4.1.96.Final\netty-transport-native-unix-common-4.1.96.Final.jar;C:\Users\arjun\.m2\repository\io\netty\netty-transport\4.1.96.Final\netty-transport-4.1.96.Final.jar;C:\Users\arjun\.m2\repository\io\netty\netty-resolver\4.1.96.Final\netty-resolver-4.1.96.Final.jar;C:\Users\arjun\.m2\repository\io\opentelemetry\opentelemetry-api\1.28.0\opentelemetry-api-1.28.0.jar;C:\Users\arjun\.m2\repository\io\opentelemetry\opentelemetry-context\1.28.0\opentelemetry-context-1.28.0.jar;C:\Users\arjun\.m2\repository\io\opentelemetry\opentelemetry-exporter-logging\1.28.0\opentelemetry-exporter-logging-1.28.0.jar;C:\Users\arjun\.m2\repository\io\opentelemetry\opentelemetry-sdk-metrics\1.28.0\opentelemetry-sdk-metrics-1.28.0.jar;C:\Users\arjun\.m2\repository\io\opentelemetry\opentelemetry-extension-incubator\1.28.0-alpha\opentelemetry-extension-incubator-1.28.0-alpha.jar;C:\Users\arjun\.m2\repository\io\opentelemetry\opentelemetry-sdk-logs\1.28.0\opentelemetry-sdk-logs-1.28.0.jar;C:\Users\arjun\.m2\repository\io\opentelemetry\opentelemetry-sdk-common\1.28.0\opentelemetry-sdk-common-1.28.0.jar;C:\Users\arjun\.m2\repository\io\opentelemetry\opentelemetry-sdk-extension-autoconfigure-spi\1.28.0\opentelemetry-sdk-extension-autoconfigure-spi-1.28.0.jar;C:\Users\arjun\.m2\repository\io\opentelemetry\opentelemetry-sdk-extension-autoconfigure\1.28.0\opentelemetry-sdk-extension-autoconfigure-1.28.0.jar;C:\Users\arjun\.m2\repository\io\opentelemetry\opentelemetry-api-events\1.28.0-alpha\opentelemetry-api-events-1.28.0-alpha.jar;C:\Users\arjun\.m2\repository\io\opentelemetry\opentelemetry-sdk-trace\1.28.0\opentelemetry-sdk-trace-1.28.0.jar;C:\Users\arjun\.m2\repository\io\opentelemetry\opentelemetry-sdk\1.28.0\opentelemetry-sdk-1.28.0.jar;C:\Users\arjun\.m2\repository\io\opentelemetry\opentelemetry-semconv\1.28.0-alpha\opentelemetry-semconv-1.28.0-alpha.jar;C:\Users\arjun\.m2\repository\net\bytebuddy\byte-buddy\1.14.5\byte-buddy-1.14.5.jar;C:\Users\arjun\.m2\repository\org\asynchttpclient\async-http-client\2.12.3\async-http-client-2.12.3.jar;C:\Users\arjun\.m2\repository\org\asynchttpclient\async-http-client-netty-utils\2.12.3\async-http-client-netty-utils-2.12.3.jar;C:\Users\arjun\.m2\repository\io\netty\netty-codec-socks\4.1.60.Final\netty-codec-socks-4.1.60.Final.jar;C:\Users\arjun\.m2\repository\io\netty\netty-handler-proxy\4.1.60.Final\netty-handler-proxy-4.1.60.Final.jar;C:\Users\arjun\.m2\repository\io\netty\netty-transport-native-epoll\4.1.60.Final\netty-transport-native-epoll-4.1.60.Final-linux-x86_64.jar;C:\Users\arjun\.m2\repository\io\netty\netty-transport-native-kqueue\4.1.60.Final\netty-transport-native-kqueue-4.1.60.Final-osx-x86_64.jar;C:\Users\arjun\.m2\repository\com\typesafe\netty\netty-reactive-streams\2.0.4\netty-reactive-streams-2.0.4.jar;C:\Users\arjun\.m2\repository\com\sun\activation\jakarta.activation\1.2.2\jakarta.activation-1.2.2.jar;C:\Users\arjun\.m2\repository\org\seleniumhq\selenium\selenium-os\4.13.0\selenium-os-4.13.0.jar;C:\Users\arjun\.m2\repository\org\apache\commons\commons-exec\1.3\commons-exec-1.3.jar;C:\Users\arjun\.m2\repository\org\seleniumhq\selenium\selenium-safari-driver\4.13.0\selenium-safari-driver-4.13.0.jar;C:\Users\arjun\.m2\repository\org\seleniumhq\selenium\selenium-support\4.13.0\selenium-support-4.13.0.jar;C:\Users\arjun\.m2\repository\com\googlecode\json-simple\json-simple\1.1.1\json-simple-1.1.1.jar;C:\Users\arjun\.m2\repository\junit\junit\4.10\junit-4.10.jar;C:\Users\arjun\.m2\repository\org\hamcrest\hamcrest-core\1.1\hamcrest-core-1.1.jar;C:\Users\arjun\.m2\repository\commons-io\commons-io\2.13.0\commons-io-2.13.0.jar;C:\Users\arjun\.m2\repository\com\aventstack\extentreports\5.1.1\extentreports-5.1.1.jar;C:\Users\arjun\.m2\repository\io\reactivex\rxjava3\rxjava\3.1.6\rxjava-3.1.6.jar;C:\Users\arjun\.m2\repository\org\reactivestreams\reactive-streams\1.0.4\reactive-streams-1.0.4.jar;C:\Users\arjun\.m2\repository\org\freemarker\freemarker\2.3.32\freemarker-2.3.32.jar;C:\Users\arjun\.m2\repository\com\google\code\gson\gson\2.10.1\gson-2.10.1.jar;"/>
    <property name="java.vm.vendor" value="Oracle Corporation"/>
    <property name="sun.arch.data.model" value="64"/>
    <property name="user.variant" value=""/>
    <property name="java.vendor.url" value="https://java.oracle.com/"/>
    <property name="user.timezone" value="Asia/Calcutta"/>
    <property name="os.name" value="Windows 11"/>
    <property name="java.vm.specification.version" value="17"/>
    <property name="sun.java.launcher" value="SUN_STANDARD"/>
    <property name="user.country" value="IN"/>
    <property name="sun.boot.library.path" value="C:\Program Files\Java\jdk-17\bin"/>
    <property name="sun.java.command" value="C:\Users\arjun\AppData\Local\Temp\surefire8201393204315302661\surefirebooter-20240814163948628_3.jar C:\Users\arjun\AppData\Local\Temp\surefire8201393204315302661 2024-08-14T16-39-48_470-jvmRun1 surefire-20240814163948628_1tmp surefire_0-20240814163948628_2tmp"/>
    <property name="jdk.debug" value="release"/>
    <property name="test" value="Demo"/>
    <property name="surefire.test.class.path" value="E:\sample\target\test-classes;E:\sample\target\classes;C:\Users\arjun\.m2\repository\org\apache\poi\poi\5.2.5\poi-5.2.5.jar;C:\Users\arjun\.m2\repository\commons-codec\commons-codec\1.16.0\commons-codec-1.16.0.jar;C:\Users\arjun\.m2\repository\org\apache\commons\commons-collections4\4.4\commons-collections4-4.4.jar;C:\Users\arjun\.m2\repository\org\apache\commons\commons-math3\3.6.1\commons-math3-3.6.1.jar;C:\Users\arjun\.m2\repository\com\zaxxer\SparseBitSet\1.3\SparseBitSet-1.3.jar;C:\Users\arjun\.m2\repository\org\apache\logging\log4j\log4j-api\2.21.1\log4j-api-2.21.1.jar;C:\Users\arjun\.m2\repository\org\projectlombok\lombok\1.18.32\lombok-1.18.32.jar;C:\Users\arjun\.m2\repository\org\apache\poi\poi-ooxml\5.2.5\poi-ooxml-5.2.5.jar;C:\Users\arjun\.m2\repository\org\apache\poi\poi-ooxml-lite\5.2.5\poi-ooxml-lite-5.2.5.jar;C:\Users\arjun\.m2\repository\org\apache\xmlbeans\xmlbeans\5.2.0\xmlbeans-5.2.0.jar;C:\Users\arjun\.m2\repository\org\apache\commons\commons-compress\1.25.0\commons-compress-1.25.0.jar;C:\Users\arjun\.m2\repository\com\github\virtuald\curvesapi\1.08\curvesapi-1.08.jar;C:\Users\arjun\.m2\repository\mysql\mysql-connector-java\8.0.29\mysql-connector-java-8.0.29.jar;C:\Users\arjun\.m2\repository\com\google\protobuf\protobuf-java\3.19.4\protobuf-java-3.19.4.jar;C:\Users\arjun\.m2\repository\org\testng\testng\7.7.1\testng-7.7.1.jar;C:\Users\arjun\.m2\repository\org\slf4j\slf4j-api\1.7.36\slf4j-api-1.7.36.jar;C:\Users\arjun\.m2\repository\com\beust\jcommander\1.82\jcommander-1.82.jar;C:\Users\arjun\.m2\repository\org\webjars\jquery\3.6.1\jquery-3.6.1.jar;C:\Users\arjun\.m2\repository\org\seleniumhq\selenium\selenium-java\4.13.0\selenium-java-4.13.0.jar;C:\Users\arjun\.m2\repository\org\seleniumhq\selenium\selenium-api\4.13.0\selenium-api-4.13.0.jar;C:\Users\arjun\.m2\repository\org\seleniumhq\selenium\selenium-chrome-driver\4.13.0\selenium-chrome-driver-4.13.0.jar;C:\Users\arjun\.m2\repository\com\google\auto\service\auto-service-annotations\1.1.1\auto-service-annotations-1.1.1.jar;C:\Users\arjun\.m2\repository\com\google\guava\guava\32.1.2-jre\guava-32.1.2-jre.jar;C:\Users\arjun\.m2\repository\com\google\guava\failureaccess\1.0.1\failureaccess-1.0.1.jar;C:\Users\arjun\.m2\repository\com\google\guava\listenablefuture\9999.0-empty-to-avoid-conflict-with-guava\listenablefuture-9999.0-empty-to-avoid-conflict-with-guava.jar;C:\Users\arjun\.m2\repository\com\google\code\findbugs\jsr305\3.0.2\jsr305-3.0.2.jar;C:\Users\arjun\.m2\repository\org\checkerframework\checker-qual\3.33.0\checker-qual-3.33.0.jar;C:\Users\arjun\.m2\repository\com\google\errorprone\error_prone_annotations\2.18.0\error_prone_annotations-2.18.0.jar;C:\Users\arjun\.m2\repository\com\google\j2objc\j2objc-annotations\2.8\j2objc-annotations-2.8.jar;C:\Users\arjun\.m2\repository\org\seleniumhq\selenium\selenium-chromium-driver\4.13.0\selenium-chromium-driver-4.13.0.jar;C:\Users\arjun\.m2\repository\org\seleniumhq\selenium\selenium-json\4.13.0\selenium-json-4.13.0.jar;C:\Users\arjun\.m2\repository\org\seleniumhq\selenium\selenium-manager\4.13.0\selenium-manager-4.13.0.jar;C:\Users\arjun\.m2\repository\org\seleniumhq\selenium\selenium-devtools-v115\4.13.0\selenium-devtools-v115-4.13.0.jar;C:\Users\arjun\.m2\repository\org\seleniumhq\selenium\selenium-devtools-v116\4.13.0\selenium-devtools-v116-4.13.0.jar;C:\Users\arjun\.m2\repository\org\seleniumhq\selenium\selenium-devtools-v117\4.13.0\selenium-devtools-v117-4.13.0.jar;C:\Users\arjun\.m2\repository\org\seleniumhq\selenium\selenium-devtools-v85\4.13.0\selenium-devtools-v85-4.13.0.jar;C:\Users\arjun\.m2\repository\org\seleniumhq\selenium\selenium-edge-driver\4.13.0\selenium-edge-driver-4.13.0.jar;C:\Users\arjun\.m2\repository\org\seleniumhq\selenium\selenium-firefox-driver\4.13.0\selenium-firefox-driver-4.13.0.jar;C:\Users\arjun\.m2\repository\org\seleniumhq\selenium\selenium-http\4.13.0\selenium-http-4.13.0.jar;C:\Users\arjun\.m2\repository\dev\failsafe\failsafe\3.3.2\failsafe-3.3.2.jar;C:\Users\arjun\.m2\repository\org\seleniumhq\selenium\selenium-ie-driver\4.13.0\selenium-ie-driver-4.13.0.jar;C:\Users\arjun\.m2\repository\org\seleniumhq\selenium\selenium-remote-driver\4.13.0\selenium-remote-driver-4.13.0.jar;C:\Users\arjun\.m2\repository\io\netty\netty-buffer\4.1.96.Final\netty-buffer-4.1.96.Final.jar;C:\Users\arjun\.m2\repository\io\netty\netty-codec-http\4.1.96.Final\netty-codec-http-4.1.96.Final.jar;C:\Users\arjun\.m2\repository\io\netty\netty-codec\4.1.96.Final\netty-codec-4.1.96.Final.jar;C:\Users\arjun\.m2\repository\io\netty\netty-handler\4.1.96.Final\netty-handler-4.1.96.Final.jar;C:\Users\arjun\.m2\repository\io\netty\netty-common\4.1.96.Final\netty-common-4.1.96.Final.jar;C:\Users\arjun\.m2\repository\io\netty\netty-transport-classes-epoll\4.1.96.Final\netty-transport-classes-epoll-4.1.96.Final.jar;C:\Users\arjun\.m2\repository\io\netty\netty-transport-classes-kqueue\4.1.96.Final\netty-transport-classes-kqueue-4.1.96.Final.jar;C:\Users\arjun\.m2\repository\io\netty\netty-transport-native-epoll\4.1.96.Final\netty-transport-native-epoll-4.1.96.Final.jar;C:\Users\arjun\.m2\repository\io\netty\netty-transport-native-kqueue\4.1.96.Final\netty-transport-native-kqueue-4.1.96.Final.jar;C:\Users\arjun\.m2\repository\io\netty\netty-transport-native-unix-common\4.1.96.Final\netty-transport-native-unix-common-4.1.96.Final.jar;C:\Users\arjun\.m2\repository\io\netty\netty-transport\4.1.96.Final\netty-transport-4.1.96.Final.jar;C:\Users\arjun\.m2\repository\io\netty\netty-resolver\4.1.96.Final\netty-resolver-4.1.96.Final.jar;C:\Users\arjun\.m2\repository\io\opentelemetry\opentelemetry-api\1.28.0\opentelemetry-api-1.28.0.jar;C:\Users\arjun\.m2\repository\io\opentelemetry\opentelemetry-context\1.28.0\opentelemetry-context-1.28.0.jar;C:\Users\arjun\.m2\repository\io\opentelemetry\opentelemetry-exporter-logging\1.28.0\opentelemetry-exporter-logging-1.28.0.jar;C:\Users\arjun\.m2\repository\io\opentelemetry\opentelemetry-sdk-metrics\1.28.0\opentelemetry-sdk-metrics-1.28.0.jar;C:\Users\arjun\.m2\repository\io\opentelemetry\opentelemetry-extension-incubator\1.28.0-alpha\opentelemetry-extension-incubator-1.28.0-alpha.jar;C:\Users\arjun\.m2\repository\io\opentelemetry\opentelemetry-sdk-logs\1.28.0\opentelemetry-sdk-logs-1.28.0.jar;C:\Users\arjun\.m2\repository\io\opentelemetry\opentelemetry-sdk-common\1.28.0\opentelemetry-sdk-common-1.28.0.jar;C:\Users\arjun\.m2\repository\io\opentelemetry\opentelemetry-sdk-extension-autoconfigure-spi\1.28.0\opentelemetry-sdk-extension-autoconfigure-spi-1.28.0.jar;C:\Users\arjun\.m2\repository\io\opentelemetry\opentelemetry-sdk-extension-autoconfigure\1.28.0\opentelemetry-sdk-extension-autoconfigure-1.28.0.jar;C:\Users\arjun\.m2\repository\io\opentelemetry\opentelemetry-api-events\1.28.0-alpha\opentelemetry-api-events-1.28.0-alpha.jar;C:\Users\arjun\.m2\repository\io\opentelemetry\opentelemetry-sdk-trace\1.28.0\opentelemetry-sdk-trace-1.28.0.jar;C:\Users\arjun\.m2\repository\io\opentelemetry\opentelemetry-sdk\1.28.0\opentelemetry-sdk-1.28.0.jar;C:\Users\arjun\.m2\repository\io\opentelemetry\opentelemetry-semconv\1.28.0-alpha\opentelemetry-semconv-1.28.0-alpha.jar;C:\Users\arjun\.m2\repository\net\bytebuddy\byte-buddy\1.14.5\byte-buddy-1.14.5.jar;C:\Users\arjun\.m2\repository\org\asynchttpclient\async-http-client\2.12.3\async-http-client-2.12.3.jar;C:\Users\arjun\.m2\repository\org\asynchttpclient\async-http-client-netty-utils\2.12.3\async-http-client-netty-utils-2.12.3.jar;C:\Users\arjun\.m2\repository\io\netty\netty-codec-socks\4.1.60.Final\netty-codec-socks-4.1.60.Final.jar;C:\Users\arjun\.m2\repository\io\netty\netty-handler-proxy\4.1.60.Final\netty-handler-proxy-4.1.60.Final.jar;C:\Users\arjun\.m2\repository\io\netty\netty-transport-native-epoll\4.1.60.Final\netty-transport-native-epoll-4.1.60.Final-linux-x86_64.jar;C:\Users\arjun\.m2\repository\io\netty\netty-transport-native-kqueue\4.1.60.Final\netty-transport-native-kqueue-4.1.60.Final-osx-x86_64.jar;C:\Users\arjun\.m2\repository\com\typesafe\netty\netty-reactive-streams\2.0.4\netty-reactive-streams-2.0.4.jar;C:\Users\arjun\.m2\repository\com\sun\activation\jakarta.activation\1.2.2\jakarta.activation-1.2.2.jar;C:\Users\arjun\.m2\repository\org\seleniumhq\selenium\selenium-os\4.13.0\selenium-os-4.13.0.jar;C:\Users\arjun\.m2\repository\org\apache\commons\commons-exec\1.3\commons-exec-1.3.jar;C:\Users\arjun\.m2\repository\org\seleniumhq\selenium\selenium-safari-driver\4.13.0\selenium-safari-driver-4.13.0.jar;C:\Users\arjun\.m2\repository\org\seleniumhq\selenium\selenium-support\4.13.0\selenium-support-4.13.0.jar;C:\Users\arjun\.m2\repository\com\googlecode\json-simple\json-simple\1.1.1\json-simple-1.1.1.jar;C:\Users\arjun\.m2\repository\junit\junit\4.10\junit-4.10.jar;C:\Users\arjun\.m2\repository\org\hamcrest\hamcrest-core\1.1\hamcrest-core-1.1.jar;C:\Users\arjun\.m2\repository\commons-io\commons-io\2.13.0\commons-io-2.13.0.jar;C:\Users\arjun\.m2\repository\com\aventstack\extentreports\5.1.1\extentreports-5.1.1.jar;C:\Users\arjun\.m2\repository\io\reactivex\rxjava3\rxjava\3.1.6\rxjava-3.1.6.jar;C:\Users\arjun\.m2\repository\org\reactivestreams\reactive-streams\1.0.4\reactive-streams-1.0.4.jar;C:\Users\arjun\.m2\repository\org\freemarker\freemarker\2.3.32\freemarker-2.3.32.jar;C:\Users\arjun\.m2\repository\com\google\code\gson\gson\2.10.1\gson-2.10.1.jar;"/>
    <property name="sun.cpu.endian" value="little"/>
    <property name="user.home" value="C:\Users\arjun"/>
    <property name="user.language" value="en"/>
    <property name="java.specification.vendor" value="Oracle Corporation"/>
    <property name="java.version.date" value="2024-01-16"/>
    <property name="java.home" value="C:\Program Files\Java\jdk-17"/>
    <property name="file.separator" value="\"/>
    <property name="basedir" value="E:\sample"/>
    <property name="java.vm.compressedOopsMode" value="32-bit"/>
    <property name="line.separator" value="&#10;"/>
    <property name="java.vm.specification.vendor" value="Oracle Corporation"/>
    <property name="java.specification.name" value="Java Platform API Specification"/>
    <property name="surefire.real.class.path" value="C:\Users\arjun\AppData\Local\Temp\surefire8201393204315302661\surefirebooter-20240814163948628_3.jar"/>
    <property name="user.script" value=""/>
    <property name="sun.management.compiler" value="HotSpot 64-Bit Tiered Compilers"/>
    <property name="java.runtime.version" value="17.0.10+11-LTS-240"/>
    <property name="user.name" value="arjun"/>
    <property name="path.separator" value=";"/>
    <property name="os.version" value="10.0"/>
    <property name="java.runtime.name" value="Java(TM) SE Runtime Environment"/>
    <property name="file.encoding" value="Cp1252"/>
    <property name="browser" value="chrome"/>
    <property name="java.vm.name" value="Java HotSpot(TM) 64-Bit Server VM"/>
    <property name="localRepository" value="C:\Users\arjun\.m2\repository"/>
    <property name="java.vendor.url.bug" value="https://bugreport.java.com/bugreport/"/>
    <property name="java.io.tmpdir" value="C:\Users\arjun\AppData\Local\Temp\"/>
    <property name="java.version" value="17.0.10"/>
    <property name="user.dir" value="E:\sample"/>
    <property name="os.arch" value="amd64"/>
    <property name="java.vm.specification.name" value="Java Virtual Machine Specification"/>
    <property name="sun.os.patch.level" value=""/>
    <property name="native.encoding" value="Cp1252"/>
    <property name="java.library.path" value="C:\Program Files\Java\jdk-17\bin;C:\windows\Sun\Java\bin;C:\windows\system32;C:\windows;C:\Program Files\Common Files\Oracle\Java\javapath;E:\oracle\product\10.2.0\db_9\bin;E:\oracle\product\10.2.0\db_8\bin;D:\oracle\product\10.2.0\db_1\bin;C:\windows\system32;C:\windows;C:\windows\System32\Wbem;C:\windows\System32\WindowsPowerShell\v1.0\;C:\windows\System32\OpenSSH\;C:\Program Files (x86)\NVIDIA Corporation\PhysX\Common;C:\Program Files\NVIDIA Corporation\NVIDIA NvDLISR;C:\Users\arjun\Downloads\apache-maven-3.9.6-bin\apache-maven-3.9.6\bin;C:\Program Files\Java\jdk-17\bin;C:\AutomationSoftware\apache-maven-3.9.6\bin;C:\Program Files\nodejs\;C:\Program Files (x86)\Git\cmd;C:\Users\arjun\AppData\Local\Microsoft\WindowsApps;C:\Users\arjun\AppData\Roaming\npm;C:\Users\arjun\AppData\Local\Android\Sdk\platform-tools;C:\Users\arjun\AppData\Local\Android\Sdk\tools;C:\Users\arjun\AppData\Local\Android\Sdk\tools\bin;."/>
    <property name="java.vm.info" value="mixed mode, sharing"/>
    <property name="java.vendor" value="Oracle Corporation"/>
    <property name="java.vm.version" value="17.0.10+11-LTS-240"/>
    <property name="sun.io.unicode.encoding" value="UnicodeLittle"/>
    <property name="java.class.version" value="61.0"/>
  </properties>
  <testcase name="demo1" classname="sample.Demo" time="19.831">
    <system-out><![CDATA[chrome
SMOKE TEST
]]></system-out>
    <system-err><![CDATA[SLF4J: Failed to load class "org.slf4j.impl.StaticLoggerBinder".
SLF4J: Defaulting to no-operation (NOP) logger implementation
SLF4J: See http://www.slf4j.org/codes.html#StaticLoggerBinder for further details.
ERROR StatusLogger Log4j2 could not find a logging implementation. Please add log4j-core to the classpath. Using SimpleLogger to log to the console...
Aug 14, 2024 4:39:58 PM org.openqa.selenium.devtools.CdpVersionFinder findNearestMatch
WARNING: Unable to find CDP implementation matching 127
Aug 14, 2024 4:39:58 PM org.openqa.selenium.chromium.ChromiumDriver lambda$new$5
WARNING: Unable to find version of CDP to use for 127.0.6533.100. You may need to include a dependency on a specific version of the CDP using something similar to `org.seleniumhq.selenium:selenium-devtools-v86:4.13.0` where the version ("v86") matches the version of the chromium-based browser you're using and the version number of the artifact is the same as Selenium's.
]]></system-err>
  </testcase>
  <testcase name="demo2" classname="sample.Demo" time="6.273">
    <system-out><![CDATA[REGRESSION TEST
]]></system-out>
    <system-err><![CDATA[Aug 14, 2024 4:40:10 PM org.openqa.selenium.devtools.CdpVersionFinder findNearestMatch
WARNING: Unable to find CDP implementation matching 127
Aug 14, 2024 4:40:10 PM org.openqa.selenium.chromium.ChromiumDriver lambda$new$5
WARNING: Unable to find version of CDP to use for 127.0.6533.100. You may need to include a dependency on a specific version of the CDP using something similar to `org.seleniumhq.selenium:selenium-devtools-v86:4.13.0` where the version ("v86") matches the version of the chromium-based browser you're using and the version number of the artifact is the same as Selenium's.
]]></system-err>
  </testcase>
</testsuite>