<?xml version="1.0" encoding="UTF-8"?>
<!-- Generated by org.testng.reporters.JUnitReportReporter -->
<testsuite hostname="Arjun" failures="0" tests="2" name="sample.Demo" time="26.099" errors="0" timestamp="2024-08-14T16:40:15 IST" skipped="0">
  <testcase classname="sample.Demo" name="demo2" time="6.273"/>
  <system-out/>
  <testcase classname="sample.Demo" name="demo1" time="19.826"/>
  <system-out/>
</testsuite> <!-- sample.Demo -->
